<?xml version="1.0" encoding="UTF-8"?>
<testng-results skipped="0" failed="0" ignored="0" total="1" passed="1">
  <reporter-output>
  </reporter-output>
  <suite name="Default suite" duration-ms="11272" started-at="2018-10-07T13:00:56Z" finished-at="2018-10-07T13:01:07Z">
    <groups>
    </groups>
    <test name="Default test" duration-ms="11272" started-at="2018-10-07T13:00:56Z" finished-at="2018-10-07T13:01:07Z">
      <class name="JIRAAPIBasics3">
        <test-method status="PASS" signature="JiraAPI()[pri:0, instance:JIRAAPIBasics3@3abbfa04]" name="JiraAPI" duration-ms="11227" started-at="2018-10-07T13:00:56Z" finished-at="2018-10-07T13:01:07Z">
          <reporter-output>
          </reporter-output>
        </test-method> <!-- JiraAPI -->
      </class> <!-- JIRAAPIBasics3 -->
    </test> <!-- Default test -->
  </suite> <!-- Default suite -->
</testng-results>
